<?xml version="1.0" encoding="UTF-8"?>
<testsuite xmlns:xsi="http://www.w3.org/2001/XMLSchema-instance" xsi:noNamespaceSchemaLocation="https://maven.apache.org/surefire/maven-surefire-plugin/xsd/surefire-test-report.xsd" version="3.0.2" name="nl.blitz.fantasybattle.PlayerTest" time="0.02" tests="2" errors="0" skipped="2" failures="0">
  <properties>
[...]
</properties>
  <testcase name="damageCalculationsWithMocks" classname="nl.blitz.fantasybattle.PlayerTest" time="0.0">
    <skipped message="Test is not finished yet"/>
  </testcase>
  <testcase name="damageCalculations" classname="nl.blitz.fantasybattle.PlayerTest" time="0.0">
    <skipped message="Test is not finished yet"/>
  </testcase>
</testsuite>